<?xml version="1.0" encoding="UTF-8"?>
<!-- Generated by org.testng.reporters.JUnitXMLReporter -->
<testsuite ignored="0" hostname="REGZA" failures="0" tests="1" name="Test" time="0.116" errors="0" timestamp="2023-04-27T18:09:04 EAST">
  <testcase classname="UI.Practise" name="@BeforeGroups a" time="0.016">
    <failure type="java.lang.AssertionError" message="expected [true] but found [false]">
      <![CDATA[java.lang.AssertionError: expected [true] but found [false]
at UI.Practise.a(Practise.java:43)
at java.base/java.util.ArrayList.forEach(ArrayList.java:1511)
... Removed 35 stack frames]]>
    </failure>
  </testcase> <!-- @BeforeGroups a -->
  <testcase classname="UI.Practise" name="@AfterGroups k" time="0.0">
    <skipped/>
  </testcase> <!-- @AfterGroups k -->
  <testcase classname="UI.Practise" name="w" time="0.0">
    <skipped/>
  </testcase> <!-- w -->
</testsuite> <!-- Test -->
