<?xml version="1.0" encoding="UTF-8"?>
<!-- Generated by org.testng.reporters.JUnitXMLReporter -->
<testsuite ignored="0" hostname="REGZA" failures="0" tests="4" name="GRP-user" time="0.075" errors="0" timestamp="2023-04-21T14:06:38 EAST">
  <testcase classname="UI.groupdemo" name="clear" time="0.008"/>
  <testcase classname="UI.groupdemo" name="demo" time="0.002"/>
  <testcase classname="UI.groupdemo" name="find" time="0.001"/>
  <testcase classname="UI.groupdemo" name="validate" time="0.001"/>
</testsuite> <!-- GRP-user -->
