<?xml version="1.0" encoding="UTF-8"?>
<!-- Generated by org.testng.reporters.JUnitXMLReporter -->
<testsuite ignored="2" hostname="REGZA" failures="0" tests="2" name="GRP-regression" time="0.062" errors="0" timestamp="2023-04-21T12:23:44 EAST">
  <testcase classname="UI.groupdemo" name="find" time="0.009"/>
  <testcase classname="UI.groupdemo" name="validate" time="0.002"/>
  <testcase classname="UI.groupdemo" name="demo" time="0.0">
    <ignored/>
  </testcase> <!-- demo -->
  <testcase classname="UI.groupdemo" name="clear" time="0.0">
    <ignored/>
  </testcase> <!-- clear -->
</testsuite> <!-- GRP-regression -->
