<?xml version="1.0" encoding="UTF-8"?>
<!-- Generated by org.testng.reporters.JUnitXMLReporter -->
<testsuite ignored="3" hostname="REGZA" failures="0" tests="1" name="GRP-bvt" time="0.058" errors="0" timestamp="2023-04-21T12:24:26 EAST">
  <testcase classname="UI.groupdemo" name="demo" time="0.013"/>
  <testcase classname="UI.groupdemo" name="validate" time="0.0">
    <ignored/>
  </testcase> <!-- validate -->
  <testcase classname="UI.groupdemo" name="clear" time="0.0">
    <ignored/>
  </testcase> <!-- clear -->
  <testcase classname="UI.groupdemo" name="find" time="0.0">
    <ignored/>
  </testcase> <!-- find -->
</testsuite> <!-- GRP-bvt -->
