<?xml version="1.0" encoding="UTF-8"?>
<!-- Generated by org.testng.reporters.JUnitXMLReporter -->
<testsuite ignored="1" hostname="REGZA" failures="0" tests="3" name="GRP-bvt,regression" time="0.066" errors="0" timestamp="2023-04-21T12:24:03 EAST">
  <testcase classname="UI.groupdemo" name="demo" time="0.014"/>
  <testcase classname="UI.groupdemo" name="find" time="0.002"/>
  <testcase classname="UI.groupdemo" name="validate" time="0.001"/>
  <testcase classname="UI.groupdemo" name="clear" time="0.0">
    <ignored/>
  </testcase> <!-- clear -->
</testsuite> <!-- GRP-bvt,regression -->
