<?xml version="1.0" encoding="UTF-8"?>
<!-- Generated by org.testng.reporters.JUnitXMLReporter -->
<testsuite ignored="4" hostname="REGZA" failures="0" tests="8" name="Testing suite" time="0.097" errors="0" timestamp="2023-04-21T17:21:55 EAST">
  <testcase classname="UI.login" name="xapple" time="0.007"/>
  <testcase classname="UI.login" name="aboginTest" time="0.001"/>
  <testcase classname="UI.groupdemo" name="clear" time="0.001"/>
  <testcase classname="UI.groupdemo" name="demo" time="0.001"/>
  <testcase classname="UI.groupdemo" name="find" time="0.002"/>
  <testcase classname="UI.groupdemo" name="validate" time="0.001"/>
  <testcase classname="UI.testmethod" name="test1" time="0.001"/>
  <testcase classname="UI.testmethod" name="test2" time="0.002"/>
  <testcase classname="UI.Commondatasetup" name="@BeforeSuite show" time="0.0">
    <ignored/>
  </testcase> <!-- @BeforeSuite show -->
  <testcase classname="UI.Commondatasetup" name="@AfterSuite hide" time="0.0">
    <ignored/>
  </testcase> <!-- @AfterSuite hide -->
  <testcase classname="UI.Commondatasetup" name="@BeforeSuite show" time="0.0">
    <ignored/>
  </testcase> <!-- @BeforeSuite show -->
  <testcase classname="UI.Commondatasetup" name="@AfterSuite hide" time="0.0">
    <ignored/>
  </testcase> <!-- @AfterSuite hide -->
</testsuite> <!-- Testing suite -->
