<?xml version="1.0" encoding="UTF-8"?>
<!-- Generated by org.testng.reporters.JUnitXMLReporter -->
<testsuite ignored="2" hostname="REGZA" failures="0" tests="2" name="Regression test" time="0.069" errors="0" timestamp="2023-04-21T13:58:38 EAST">
  <testcase classname="UI.testmethod" name="test1" time="0.006"/>
  <testcase classname="UI.login" name="aboginTest" time="0.001"/>
  <testcase classname="UI.login" name="xapple" time="0.0">
    <ignored/>
  </testcase> <!-- xapple -->
  <testcase classname="UI.testmethod" name="test2" time="0.0">
    <ignored/>
  </testcase> <!-- test2 -->
</testsuite> <!-- Regression test -->
