<?xml version="1.0" encoding="UTF-8"?>
<!-- Generated by org.testng.reporters.JUnitXMLReporter -->
<testsuite ignored="0" hostname="REGZA" failures="1" tests="9" name="Functional Testing" time="7.82" errors="0" timestamp="2023-04-21T12:44:18 EAST">
  <testcase classname="UI.assertn" name="check" time="7.703">
    <failure type="java.lang.AssertionError" message="The following asserts failed:
	failed..!! expected [Searcddh] but found [Search]">
      <![CDATA[java.lang.AssertionError: The following asserts failed:
failed..!! expected [Searcddh] but found [Search]
at UI.assertn.check(assertn.java:34)
at java.base/java.util.ArrayList.forEach(ArrayList.java:1511)
... Removed 29 stack frames]]>
    </failure>
  </testcase> <!-- check -->
  <testcase classname="UI.testmethod" name="test1" time="0.002"/>
  <testcase classname="UI.testmethod" name="test2" time="0.001"/>
  <testcase classname="UI.login" name="aboginTest" time="0.001"/>
  <testcase classname="UI.login" name="xapple" time="0.001"/>
  <testcase classname="UI.groupdemo" name="clear" time="0.001"/>
  <testcase classname="UI.groupdemo" name="demo" time="0.002"/>
  <testcase classname="UI.groupdemo" name="find" time="0.002"/>
  <testcase classname="UI.groupdemo" name="validate" time="0.001"/>
</testsuite> <!-- Functional Testing -->
