<?xml version="1.0" encoding="UTF-8"?>
<testng-results ignored="0" total="1" passed="1" failed="0" skipped="0">
  <reporter-output>
  </reporter-output>
  <suite started-at="2023-04-26T11:08:40 EAST" name="Default suite" finished-at="2023-04-26T11:08:41 EAST" duration-ms="562">
    <groups>
    </groups>
    <test started-at="2023-04-26T11:08:40 EAST" name="Default test" finished-at="2023-04-26T11:08:41 EAST" duration-ms="562">
      <class name="UI.dbconctn">
        <test-method signature="Execute()[pri:0, instance:UI.dbconctn@130c12b7]" started-at="2023-04-26T11:08:40 EAST" name="Execute" finished-at="2023-04-26T11:08:41 EAST" duration-ms="514" status="PASS">
          <reporter-output>
          </reporter-output>
        </test-method> <!-- Execute -->
      </class> <!-- UI.dbconctn -->
    </test> <!-- Default test -->
  </suite> <!-- Default suite -->
</testng-results>
